<?xml version="1.0" encoding="UTF-8"?>
<!-- Generated by org.testng.reporters.JUnitReportReporter -->
<testsuite skipped="0" hostname="DESKTOP-UT7PC9L" name="toDoListTests.ToDoListTest" tests="4" failures="0" timestamp="2021-12-02T09:36:40 IST" time="19.164" errors="0">
  <testcase name="test04_checkAll" time="0.570" classname="toDoListTests.ToDoListTest"/>
  <testcase name="test01_addTask" time="10.889" classname="toDoListTests.ToDoListTest"/>
  <testcase name="test03_deleteTask" time="3.643" classname="toDoListTests.ToDoListTest"/>
  <testcase name="test02_editName" time="4.062" classname="toDoListTests.ToDoListTest"/>
</testsuite> <!-- toDoListTests.ToDoListTest -->
