<?xml version="1.0" encoding="UTF-8"?>
<!-- Generated by org.testng.reporters.JUnitReportReporter -->
<testsuite skipped="0" hostname="DESKTOP-UT7PC9L" name="Databasetests.DatabaseTest" tests="1" failures="0" timestamp="2021-12-02T10:47:21 IST" time="3.836" errors="0">
  <testcase name="test01_databaseCheckAllData" time="3.836" classname="Databasetests.DatabaseTest"/>
</testsuite> <!-- Databasetests.DatabaseTest -->
